
Lmod is automatically replacing "craype-x86-rome" with "craype-x86-trento".

torch 2.4.1+rocm6.0 | cuda/hip dispo: True
[v2 Finland] 20 stations train retenues : ['Espoo Leppävaara Läkkisepänkuja', 'Espoo Luukki', 'Harjavalta Kaleva', 'Helsinki Kallio 2', 'Helsinki Mannerheimintie', 'Helsinki Mäkelänkatu', 'Helsinki Vartiokylä Huivipolku', 'Imatra Teppanala', 'Jyväskylä Hannikaisenkatu', 'Kotka Kirjastotalo', 'Kouvola Kankaan Koulu', 'Kuopio Maaherrankatu', 'Kuopio Niirala', 'Kuopio Savilahti KYS', 'Kuopio Tasavallankatu', 'Lappeenranta Pulp', 'Raisio Ihala', 'Tampere Epila 2', 'Vaasa Vesitorni', 'Vantaa Tikkurila Neilikkatie']
/users/khederam/.local/lib/python3.11/site-packages/numpy/lib/nanfunctions.py:1215: RuntimeWarning: Mean of empty slice
  return np.nanmean(a, axis, out=out, keepdims=keepdims)
/users/khederam/.local/lib/python3.11/site-packages/numpy/lib/nanfunctions.py:1215: RuntimeWarning: Mean of empty slice
  return np.nanmean(a, axis, out=out, keepdims=keepdims)
/users/khederam/.local/lib/python3.11/site-packages/numpy/lib/nanfunctions.py:1215: RuntimeWarning: Mean of empty slice
  return np.nanmean(a, axis, out=out, keepdims=keepdims)
/users/khederam/.local/lib/python3.11/site-packages/numpy/lib/nanfunctions.py:1215: RuntimeWarning: Mean of empty slice
  return np.nanmean(a, axis, out=out, keepdims=keepdims)
/users/khederam/.local/lib/python3.11/site-packages/numpy/lib/nanfunctions.py:1215: RuntimeWarning: Mean of empty slice
  return np.nanmean(a, axis, out=out, keepdims=keepdims)
/users/khederam/.local/lib/python3.11/site-packages/numpy/lib/nanfunctions.py:1215: RuntimeWarning: Mean of empty slice
  return np.nanmean(a, axis, out=out, keepdims=keepdims)
/users/khederam/.local/lib/python3.11/site-packages/numpy/lib/nanfunctions.py:1215: RuntimeWarning: Mean of empty slice
  return np.nanmean(a, axis, out=out, keepdims=keepdims)
/users/khederam/.local/lib/python3.11/site-packages/numpy/lib/nanfunctions.py:1215: RuntimeWarning: Mean of empty slice
  return np.nanmean(a, axis, out=out, keepdims=keepdims)
/users/khederam/.local/lib/python3.11/site-packages/numpy/lib/nanfunctions.py:1215: RuntimeWarning: Mean of empty slice
  return np.nanmean(a, axis, out=out, keepdims=keepdims)
/users/khederam/.local/lib/python3.11/site-packages/numpy/lib/nanfunctions.py:1215: RuntimeWarning: Mean of empty slice
  return np.nanmean(a, axis, out=out, keepdims=keepdims)
/users/khederam/.local/lib/python3.11/site-packages/numpy/lib/nanfunctions.py:1215: RuntimeWarning: Mean of empty slice
  return np.nanmean(a, axis, out=out, keepdims=keepdims)
/users/khederam/.local/lib/python3.11/site-packages/numpy/lib/nanfunctions.py:1215: RuntimeWarning: Mean of empty slice
  return np.nanmean(a, axis, out=out, keepdims=keepdims)
/users/khederam/.local/lib/python3.11/site-packages/numpy/lib/nanfunctions.py:1215: RuntimeWarning: Mean of empty slice
  return np.nanmean(a, axis, out=out, keepdims=keepdims)
[v2 Finland] features absentes ignorees: ['traffic_volume', 'mean_speed', 'has_traffic']
[v2 Finland] split temporel/station + embargo 96h -> train=662850 val=92970 test=187668
device=cuda | features=29 | horizons=[6, 12, 24, 48]

===== SEQ_LENGTH = 48 =====
samples: train=97208 val=13935 test=28567
/pfs/lustrep1/scratch/project_462000640/ammar/aqnet_finland/src/training.py:32: FutureWarning: `torch.cuda.amp.GradScaler(args...)` is deprecated. Please use `torch.amp.GradScaler('cuda', args...)` instead.
  scaler_grad = torch.cuda.amp.GradScaler(enabled=use_amp)
/pfs/lustrep1/scratch/project_462000640/ammar/aqnet_finland/src/training.py:41: FutureWarning: `torch.cuda.amp.autocast(args...)` is deprecated. Please use `torch.amp.autocast('cuda', args...)` instead.
  with torch.cuda.amp.autocast(enabled=use_amp):
Epoch 1/100 - Train 0.9193 - Val 0.7711
Epoch 2/100 - Train 0.8991 - Val 0.7568
Epoch 3/100 - Train 0.8540 - Val 0.7290
Epoch 4/100 - Train 0.8220 - Val 0.6919
Epoch 5/100 - Train 0.8034 - Val 0.6927
Epoch 6/100 - Train 0.7911 - Val 0.6985
Epoch 7/100 - Train 0.7767 - Val 0.6756
Epoch 8/100 - Train 0.7738 - Val 0.6759
Epoch 9/100 - Train 0.7587 - Val 0.6552
Epoch 10/100 - Train 0.7452 - Val 0.6525
Epoch 11/100 - Train 0.7313 - Val 0.6542
Epoch 12/100 - Train 0.7381 - Val 0.6538
Early stopping after 13 epochs.
/pfs/lustrep1/scratch/project_462000640/ammar/aqnet_finland/src/training.py:91: FutureWarning: You are using `torch.load` with `weights_only=False` (the current default value), which uses the default pickle module implicitly. It is possible to construct malicious pickle data which will execute arbitrary code during unpickling (See https://github.com/pytorch/pytorch/blob/main/SECURITY.md#untrusted-models for more details). In a future release, the default value for `weights_only` will be flipped to `True`. This limits the functions that could be executed during unpickling. Arbitrary objects will no longer be allowed to be loaded via this mode unless they are explicitly allowlisted by the user via `torch.serialization.add_safe_globals`. We recommend you start setting `weights_only=True` for any use case where you don't have full control of the loaded file. Please open an issue on GitHub for any issues related to this experimental feature.
  model.load_state_dict(torch.load("best_lstm_attention_model.pth"))
  horizon |  RMSE   MAE    R2   | persist RMSE  persist R2
     6h   |   3.41  2.00  0.389 |     3.85     0.219
    12h   |   3.80  2.32  0.238 |     4.51    -0.073
    24h   |   4.04  2.52  0.138 |     4.84    -0.238
    48h   |   4.35  2.76  0.013 |     5.32    -0.479
test_loss=0.7419

=== RESULTATS (results_v2_finland.csv) ===
 seq_length  horizon     rmse      mae     n
         48        6 3.407593 2.004214 28436
         48       12 3.804046 2.316649 28405
         48       24 4.042333 2.520864 28381
         48       48 4.347800 2.759900 28351
done Fri May 15 18:12:24 EEST 2026
